<?xml version='1.0' encoding='UTF-8'?>
<testsuite hostname="Lucass-MacBook-Pro.local" name="services.scalable.database.DatomSpec" tests="1" errors="0" failures="0" skipped="0" time="3336.88" timestamp="2021-11-20T22:18:50">
          <properties>
      <property name="java.specification.version" value="17"/><property name="sun.jnu.encoding" value="UTF-8"/><property name="sun.arch.data.model" value="64"/><property name="java.vendor.url" value="https://java.oracle.com/"/><property name="sun.boot.library.path" value="/Users/lucasrpb/.sdkman/candidates/java/17.0.0-oracle/lib"/><property name="sun.java.command" value="/Users/lucasrpb/.sdkman/candidates/sbt/1.5.5/bin/sbt-launch.jar"/><property name="jdk.debug" value="release"/><property name="sun.stderr.encoding" value="UTF-8"/><property name="java.specification.vendor" value="Oracle Corporation"/><property name="java.version.date" value="2021-09-14"/><property name="java.home" value="/Users/lucasrpb/.sdkman/candidates/java/17.0.0-oracle"/><property name="file.separator" value="/"/><property name="java.vm.compressedOopsMode" value="Zero based"/><property name="line.separator" value="
"/><property name="sun.stdout.encoding" value="UTF-8"/><property name="java.vm.specification.vendor" value="Oracle Corporation"/><property name="java.specification.name" value="Java Platform API Specification"/><property name="sun.management.compiler" value="HotSpot 64-Bit Tiered Compilers"/><property name="java.runtime.version" value="17+35-LTS-2724"/><property name="user.name" value="lucasrpb"/><property name="log4j.ignoreTCL" value="true"/><property name="file.encoding" value="UTF-8"/><property name="jnidispatch.path" value="/Users/lucasrpb/Library/Caches/JNA/temp/jna10213473050230759590.tmp"/><property name="jna.loaded" value="true"/><property name="java.io.tmpdir" value="/var/folders/h_/tjyc922s3fv8lzfpk574ymhm0000gn/T/"/><property name="java.version" value="17"/><property name="java.vm.specification.name" value="Java Virtual Machine Specification"/><property name="native.encoding" value="UTF-8"/><property name="java.library.path" value="/Users/lucasrpb/Library/Java/Extensions:/Library/Java/Extensions:/Network/Library/Java/Extensions:/System/Library/Java/Extensions:/usr/lib/java:."/><property name="java.vendor" value="Oracle Corporation"/><property name="scala.ext.dirs" value="/Users/lucasrpb/.sbt/1.0/java9-rt-ext-oracle_corporation_17"/><property name="sun.io.unicode.encoding" value="UnicodeBig"/><property name="socksNonProxyHosts" value="local|*.local|169.254/16|*.169.254/16"/><property name="java.class.path" value="/Users/lucasrpb/.sdkman/candidates/sbt/1.5.5/bin/sbt-launch.jar"/><property name="java.vm.vendor" value="Oracle Corporation"/><property name="jline.shutdownhook" value="false"/><property name="user.timezone" value="America/Sao_Paulo"/><property name="java.vm.specification.version" value="17"/><property name="os.name" value="Mac OS X"/><property name="sun.java.launcher" value="SUN_STANDARD"/><property name="user.country" value="BR"/><property name="http.nonProxyHosts" value="local|*.local|169.254/16|*.169.254/16"/><property name="sun.cpu.endian" value="little"/><property name="user.home" value="/Users/lucasrpb"/><property name="user.language" value="en"/><property name="swoval.tmpdir" value="/Users/lucasrpb/.sbt/1.0"/><property name="jline.esc.timeout" value="0"/><property name="ftp.nonProxyHosts" value="local|*.local|169.254/16|*.169.254/16"/><property name="path.separator" value=":"/><property name="os.version" value="12.0.1"/><property name="jna.nosys" value="true"/><property name="java.runtime.name" value="Java(TM) SE Runtime Environment"/><property name="java.vm.name" value="Java HotSpot(TM) 64-Bit Server VM"/><property name="jna.platform.library.path" value="/usr/lib:/usr/lib"/><property name="java.vendor.url.bug" value="https://bugreport.java.com/bugreport/"/><property name="user.dir" value="/Users/lucasrpb/scalable.services/database"/><property name="os.arch" value="x86_64"/><property name="java.vm.info" value="mixed mode, sharing"/><property name="java.vm.version" value="17+35-LTS-2724"/><property name="java.class.version" value="61.0"/>
    </properties>
          <testcase classname="services.scalable.database.DatomSpec" name="index data must be equal to test data" time="3336.88">
                      
                    </testcase>
          <system-out><![CDATA[]]></system-out>
          <system-err><![CDATA[]]></system-err>
        </testsuite>